executed on iscpc88.epfl.ch
execution started on Wed Oct 11 18:16:35 CEST 2023
Collecting package metadata (current_repodata.json): ...working... done
Solving environment: ...working... unsuccessful initial attempt using frozen solve. Retrying with flexible solve.
Collecting package metadata (repodata.json): ...working... done
Solving environment: ...working... done

## Package Plan ##

  environment location: /home/oliossat/anaconda3/envs/olenv

  added / updated specs:
    - pytorch
    - pytorch-cuda=11.7


The following NEW packages will be INSTALLED:

  _libgcc_mutex      pkgs/main/linux-64::_libgcc_mutex-0.1-main 
  _openmp_mutex      pkgs/main/linux-64::_openmp_mutex-5.1-1_gnu 
  blas               pkgs/main/linux-64::blas-1.0-mkl 
  bzip2              pkgs/main/linux-64::bzip2-1.0.8-h7b6447c_0 
  ca-certificates    pkgs/main/linux-64::ca-certificates-2023.08.22-h06a4308_0 
  cuda-cudart        nvidia/linux-64::cuda-cudart-11.7.99-0 
  cuda-cupti         nvidia/linux-64::cuda-cupti-11.7.101-0 
  cuda-libraries     nvidia/linux-64::cuda-libraries-11.7.1-0 
  cuda-nvrtc         nvidia/linux-64::cuda-nvrtc-11.7.99-0 
  cuda-nvtx          nvidia/linux-64::cuda-nvtx-11.7.91-0 
  cuda-runtime       nvidia/linux-64::cuda-runtime-11.7.1-0 
  filelock           pkgs/main/linux-64::filelock-3.9.0-py311h06a4308_0 
  gmp                pkgs/main/linux-64::gmp-6.2.1-h295c915_3 
  gmpy2              pkgs/main/linux-64::gmpy2-2.1.2-py311hc9b5ff0_0 
  intel-openmp       pkgs/main/linux-64::intel-openmp-2023.1.0-hdb19cb5_46305 
  jinja2             pkgs/main/linux-64::jinja2-3.1.2-py311h06a4308_0 
  ld_impl_linux-64   pkgs/main/linux-64::ld_impl_linux-64-2.38-h1181459_1 
  libcublas          nvidia/linux-64::libcublas-11.10.3.66-0 
  libcufft           nvidia/linux-64::libcufft-10.7.2.124-h4fbf590_0 
  libcufile          nvidia/linux-64::libcufile-1.7.2.10-0 
  libcurand          nvidia/linux-64::libcurand-10.3.3.141-0 
  libcusolver        nvidia/linux-64::libcusolver-11.4.0.1-0 
  libcusparse        nvidia/linux-64::libcusparse-11.7.4.91-0 
  libffi             pkgs/main/linux-64::libffi-3.4.4-h6a678d5_0 
  libgcc-ng          pkgs/main/linux-64::libgcc-ng-11.2.0-h1234567_1 
  libgomp            pkgs/main/linux-64::libgomp-11.2.0-h1234567_1 
  libnpp             nvidia/linux-64::libnpp-11.7.4.75-0 
  libnvjpeg          nvidia/linux-64::libnvjpeg-11.8.0.2-0 
  libstdcxx-ng       pkgs/main/linux-64::libstdcxx-ng-11.2.0-h1234567_1 
  libuuid            pkgs/main/linux-64::libuuid-1.41.5-h5eee18b_0 
  llvm-openmp        pkgs/main/linux-64::llvm-openmp-14.0.6-h9e868ea_0 
  markupsafe         pkgs/main/linux-64::markupsafe-2.1.1-py311h5eee18b_0 
  mkl                pkgs/main/linux-64::mkl-2023.1.0-h213fc3f_46343 
  mpc                pkgs/main/linux-64::mpc-1.1.0-h10f8cd9_1 
  mpfr               pkgs/main/linux-64::mpfr-4.0.2-hb69a4c5_1 
  mpmath             pkgs/main/linux-64::mpmath-1.3.0-py311h06a4308_0 
  ncurses            pkgs/main/linux-64::ncurses-6.4-h6a678d5_0 
  networkx           pkgs/main/linux-64::networkx-3.1-py311h06a4308_0 
  openssl            pkgs/main/linux-64::openssl-3.0.11-h7f8727e_2 
  pip                pkgs/main/linux-64::pip-23.2.1-py311h06a4308_0 
  python             pkgs/main/linux-64::python-3.11.5-h955ad1f_0 
  pytorch            pytorch/linux-64::pytorch-2.1.0-py3.11_cpu_0 
  pytorch-cuda       pytorch/linux-64::pytorch-cuda-11.7-h778d358_5 
  pytorch-mutex      pytorch/noarch::pytorch-mutex-1.0-cpu 
  pyyaml             pkgs/main/linux-64::pyyaml-6.0-py311h5eee18b_1 
  readline           pkgs/main/linux-64::readline-8.2-h5eee18b_0 
  setuptools         pkgs/main/linux-64::setuptools-68.0.0-py311h06a4308_0 
  sqlite             pkgs/main/linux-64::sqlite-3.41.2-h5eee18b_0 
  sympy              pkgs/main/linux-64::sympy-1.11.1-py311h06a4308_0 
  tbb                pkgs/main/linux-64::tbb-2021.8.0-hdb19cb5_0 
  tk                 pkgs/main/linux-64::tk-8.6.12-h1ccaba5_0 
  typing_extensions  pkgs/main/linux-64::typing_extensions-4.7.1-py311h06a4308_0 
  tzdata             pkgs/main/noarch::tzdata-2023c-h04d1e81_0 
  wheel              pkgs/main/linux-64::wheel-0.41.2-py311h06a4308_0 
  xz                 pkgs/main/linux-64::xz-5.4.2-h5eee18b_0 
  yaml               pkgs/main/linux-64::yaml-0.2.5-h7b6447c_0 
  zlib               pkgs/main/linux-64::zlib-1.2.13-h5eee18b_0 


Proceed ([y]/n)? 

Downloading and Extracting Packages: ...working... done
Preparing transaction: ...working... done
Verifying transaction: ...working... failed
execution finished at Wed Oct 11 18:18:00 CEST 2023
